🚀 Starting Wiggum Worker for: cuda-optimizer
📍 Project Path: /home/julien/Desktop/Free-Wiggum-opencode/projects/cuda-optimizer
⏰ Started at: Fri Mar 13 12:01:32 AM EDT 2026
⚡ Token Budget: 64000
━━━━━━━━━━━━━━━━━━━━━━━━━━━━━━━━════

📍 Iteration 1 at Fri Mar 13 12:01:32 AM EDT 2026...
🤖 OpenCode processing: **Task 1.1:** Define optimization targets and requirements
[0m
> build · stepfun/step-3.5-flash:free
[0m
I'll start by reading the current TASKS.md and then create the optimization targets document.
[0m✱ [0mGlob "README.md"[90m 1 match[0m
[0m✱ [0mGlob "docs/*"[90m 0 matches[0m
[0m→ [0mRead TASKS.md
[0m→ [0mRead README.md
[0m
[0m$ [0mls -la
total 44
drwxr-xr-x  4 julien julien 4096 Mar 13 00:01 .
drwxr-xr-x 13 julien julien 4096 Mar 13 00:01 ..
drwxr-xr-x  7 julien julien 4096 Mar 13 00:01 .git
-rw-r--r--  1 julien julien    4 Mar 13 00:01 .gitignore
drwxr-xr-x  2 julien julien 4096 Mar 13 00:01 logs
-rw-r--r--  1 julien julien 1280 Mar 13 00:01 prompt.txt
-rw-r--r--  1 julien julien  845 Mar 13 00:01 README.md
-rw-r--r--  1 julien julien 5947 Mar 13 00:01 TASKS.md
-rw-r--r--  1 julien julien 5947 Mar 13 00:01 TASKS_original.md
[0m
[0m$ [0mmkdir -p docs
[0m
[0m← [0mWrite docs/optimization_targets.md
Wrote file successfully.
[0m
Now I'll create the optimization targets document and update the necessary files.
[0m← [0mEdit TASKS.md
Index: /home/julien/Desktop/Free-Wiggum-opencode/projects/cuda-optimizer/TASKS.md
===================================================================
--- /home/julien/Desktop/Free-Wiggum-opencode/projects/cuda-optimizer/TASKS.md
+++ /home/julien/Desktop/Free-Wiggum-opencode/projects/cuda-optimizer/TASKS.md
@@ -1,9 +1,9 @@
 # cuda-optimizer
 **Mission:** Specialized coding setup for pytorch nns running on cuda devices. Make an outline of the code needed and steps. Also a mermaid diagram for loops and whatnot in the Readme would be good
 
 ## Phase 1: Planning & Setup
-- [ ] **Task 1.1:** Define optimization targets and requirements
+- [x] **Task 1.1:** Define optimization targets and requirements
   - **Deliverables:** `docs/optimization_targets.md` with specific NN architectures (CNN, RNN, Transformer) and target metrics (FPS improvement %, memory reduction %)
 - [ ] **Task 1.2:** Set up development environment with CUDA toolchain
   - **Deliverables:** Dockerfile `Dockerfile.cuda-dev` with CUDA 11.8+, cuDNN, PyTorch 2.0+, NVIDIA Nsight; validated with `nvcc --version` and `nvidia-smi`
 - [ ] **Task 1.3:** Establish baseline profiling infrastructure

[0m
Now I'll mark Task 1.1 as complete in TASKS.md and update the README:
[0m← [0mWrite README.md
Wrote file successfully.
[0m
📝 Log saved: logs/iteration-1.md
📊 Token Usage: 4250 / Session: 4250 / 64000
